bundler: failed to load command: bin/rails (bin/rails)
NoMethodError: undefined method `halt_callback_chains_on_return_false=' for ActiveSupport:Module
  /Users/CrazyCrazyDoctor/workspace/time_stack/config/initializers/new_framework_defaults.rb:23:in `<top (required)>'
  /Users/CrazyCrazyDoctor/.rvm/gems/ruby-2.4.1/gems/activesupport-5.2.2/lib/active_support/dependencies.rb:285:in `load'
  /Users/CrazyCrazyDoctor/.rvm/gems/ruby-2.4.1/gems/activesupport-5.2.2/lib/active_support/dependencies.rb:285:in `block in load'
  /Users/CrazyCrazyDoctor/.rvm/gems/ruby-2.4.1/gems/activesupport-5.2.2/lib/active_support/dependencies.rb:257:in `load_dependency'
  /Users/CrazyCrazyDoctor/.rvm/gems/ruby-2.4.1/gems/activesupport-5.2.2/lib/active_support/dependencies.rb:285:in `load'
  /Users/CrazyCrazyDoctor/.rvm/gems/ruby-2.4.1/gems/railties-5.2.2/lib/rails/engine.rb:657:in `block in load_config_initializer'
  /Users/CrazyCrazyDoctor/.rvm/gems/ruby-2.4.1/gems/activesupport-5.2.2/lib/active_support/notifications.rb:170:in `instrument'
  /Users/CrazyCrazyDoctor/.rvm/gems/ruby-2.4.1/gems/railties-5.2.2/lib/rails/engine.rb:656:in `load_config_initializer'
  /Users/CrazyCrazyDoctor/.rvm/gems/ruby-2.4.1/gems/railties-5.2.2/lib/rails/engine.rb:614:in `block (2 levels) in <class:Engine>'
  /Users/CrazyCrazyDoctor/.rvm/gems/ruby-2.4.1/gems/railties-5.2.2/lib/rails/engine.rb:613:in `each'
  /Users/CrazyCrazyDoctor/.rvm/gems/ruby-2.4.1/gems/railties-5.2.2/lib/rails/engine.rb:613:in `block in <class:Engine>'
  /Users/CrazyCrazyDoctor/.rvm/gems/ruby-2.4.1/gems/railties-5.2.2/lib/rails/initializable.rb:32:in `instance_exec'
  /Users/CrazyCrazyDoctor/.rvm/gems/ruby-2.4.1/gems/railties-5.2.2/lib/rails/initializable.rb:32:in `run'
  /Users/CrazyCrazyDoctor/.rvm/gems/ruby-2.4.1/gems/railties-5.2.2/lib/rails/initializable.rb:61:in `block in run_initializers'
  /Users/CrazyCrazyDoctor/.rvm/rubies/ruby-2.4.1/lib/ruby/2.4.0/tsort.rb:228:in `block in tsort_each'
  /Users/CrazyCrazyDoctor/.rvm/rubies/ruby-2.4.1/lib/ruby/2.4.0/tsort.rb:350:in `block (2 levels) in each_strongly_connected_component'
  /Users/CrazyCrazyDoctor/.rvm/rubies/ruby-2.4.1/lib/ruby/2.4.0/tsort.rb:422:in `block (2 levels) in each_strongly_connected_component_from'
  /Users/CrazyCrazyDoctor/.rvm/rubies/ruby-2.4.1/lib/ruby/2.4.0/tsort.rb:431:in `each_strongly_connected_component_from'
  /Users/CrazyCrazyDoctor/.rvm/rubies/ruby-2.4.1/lib/ruby/2.4.0/tsort.rb:421:in `block in each_strongly_connected_component_from'
  /Users/CrazyCrazyDoctor/.rvm/gems/ruby-2.4.1/gems/railties-5.2.2/lib/rails/initializable.rb:50:in `each'
  /Users/CrazyCrazyDoctor/.rvm/gems/ruby-2.4.1/gems/railties-5.2.2/lib/rails/initializable.rb:50:in `tsort_each_child'
  /Users/CrazyCrazyDoctor/.rvm/rubies/ruby-2.4.1/lib/ruby/2.4.0/tsort.rb:415:in `call'
  /Users/CrazyCrazyDoctor/.rvm/rubies/ruby-2.4.1/lib/ruby/2.4.0/tsort.rb:415:in `each_strongly_connected_component_from'
  /Users/CrazyCrazyDoctor/.rvm/rubies/ruby-2.4.1/lib/ruby/2.4.0/tsort.rb:349:in `block in each_strongly_connected_component'
  /Users/CrazyCrazyDoctor/.rvm/rubies/ruby-2.4.1/lib/ruby/2.4.0/tsort.rb:347:in `each'
  /Users/CrazyCrazyDoctor/.rvm/rubies/ruby-2.4.1/lib/ruby/2.4.0/tsort.rb:347:in `call'
  /Users/CrazyCrazyDoctor/.rvm/rubies/ruby-2.4.1/lib/ruby/2.4.0/tsort.rb:347:in `each_strongly_connected_component'
  /Users/CrazyCrazyDoctor/.rvm/rubies/ruby-2.4.1/lib/ruby/2.4.0/tsort.rb:226:in `tsort_each'
  /Users/CrazyCrazyDoctor/.rvm/rubies/ruby-2.4.1/lib/ruby/2.4.0/tsort.rb:205:in `tsort_each'
  /Users/CrazyCrazyDoctor/.rvm/gems/ruby-2.4.1/gems/railties-5.2.2/lib/rails/initializable.rb:60:in `run_initializers'
  /Users/CrazyCrazyDoctor/.rvm/gems/ruby-2.4.1/gems/railties-5.2.2/lib/rails/application.rb:361:in `initialize!'
  /Users/CrazyCrazyDoctor/workspace/time_stack/config/environment.rb:5:in `<top (required)>'
  /Users/CrazyCrazyDoctor/.rvm/gems/ruby-2.4.1/gems/activesupport-5.2.2/lib/active_support/dependencies.rb:291:in `require'
  /Users/CrazyCrazyDoctor/.rvm/gems/ruby-2.4.1/gems/activesupport-5.2.2/lib/active_support/dependencies.rb:291:in `block in require'
  /Users/CrazyCrazyDoctor/.rvm/gems/ruby-2.4.1/gems/activesupport-5.2.2/lib/active_support/dependencies.rb:257:in `load_dependency'
  /Users/CrazyCrazyDoctor/.rvm/gems/ruby-2.4.1/gems/activesupport-5.2.2/lib/active_support/dependencies.rb:291:in `require'
  /Users/CrazyCrazyDoctor/.rvm/gems/ruby-2.4.1/gems/railties-5.2.2/lib/rails/application.rb:337:in `require_environment!'
  /Users/CrazyCrazyDoctor/.rvm/gems/ruby-2.4.1/gems/railties-5.2.2/lib/rails/command/actions.rb:18:in `require_application_and_environment!'
  /Users/CrazyCrazyDoctor/.rvm/gems/ruby-2.4.1/gems/railties-5.2.2/lib/rails/commands/runner/runner_command.rb:29:in `perform'
  /Users/CrazyCrazyDoctor/.rvm/gems/ruby-2.4.1/gems/thor-0.20.3/lib/thor/command.rb:27:in `run'
  /Users/CrazyCrazyDoctor/.rvm/gems/ruby-2.4.1/gems/thor-0.20.3/lib/thor/invocation.rb:126:in `invoke_command'
  /Users/CrazyCrazyDoctor/.rvm/gems/ruby-2.4.1/gems/thor-0.20.3/lib/thor.rb:387:in `dispatch'
  /Users/CrazyCrazyDoctor/.rvm/gems/ruby-2.4.1/gems/railties-5.2.2/lib/rails/command/base.rb:65:in `perform'
  /Users/CrazyCrazyDoctor/.rvm/gems/ruby-2.4.1/gems/railties-5.2.2/lib/rails/command.rb:46:in `invoke'
  /Users/CrazyCrazyDoctor/.rvm/gems/ruby-2.4.1/gems/railties-5.2.2/lib/rails/commands.rb:18:in `<top (required)>'
  bin/rails:4:in `require'
  bin/rails:4:in `<top (required)>'
bundler: failed to load command: bin/rails (bin/rails)
NoMethodError: undefined method `halt_callback_chains_on_return_false=' for ActiveSupport:Module
  /Users/CrazyCrazyDoctor/workspace/time_stack/config/initializers/new_framework_defaults.rb:23:in `<top (required)>'
  /Users/CrazyCrazyDoctor/.rvm/gems/ruby-2.4.1/gems/activesupport-5.2.2/lib/active_support/dependencies.rb:285:in `load'
  /Users/CrazyCrazyDoctor/.rvm/gems/ruby-2.4.1/gems/activesupport-5.2.2/lib/active_support/dependencies.rb:285:in `block in load'
  /Users/CrazyCrazyDoctor/.rvm/gems/ruby-2.4.1/gems/activesupport-5.2.2/lib/active_support/dependencies.rb:257:in `load_dependency'
  /Users/CrazyCrazyDoctor/.rvm/gems/ruby-2.4.1/gems/activesupport-5.2.2/lib/active_support/dependencies.rb:285:in `load'
  /Users/CrazyCrazyDoctor/.rvm/gems/ruby-2.4.1/gems/railties-5.2.2/lib/rails/engine.rb:657:in `block in load_config_initializer'
  /Users/CrazyCrazyDoctor/.rvm/gems/ruby-2.4.1/gems/activesupport-5.2.2/lib/active_support/notifications.rb:170:in `instrument'
  /Users/CrazyCrazyDoctor/.rvm/gems/ruby-2.4.1/gems/railties-5.2.2/lib/rails/engine.rb:656:in `load_config_initializer'
  /Users/CrazyCrazyDoctor/.rvm/gems/ruby-2.4.1/gems/railties-5.2.2/lib/rails/engine.rb:614:in `block (2 levels) in <class:Engine>'
  /Users/CrazyCrazyDoctor/.rvm/gems/ruby-2.4.1/gems/railties-5.2.2/lib/rails/engine.rb:613:in `each'
  /Users/CrazyCrazyDoctor/.rvm/gems/ruby-2.4.1/gems/railties-5.2.2/lib/rails/engine.rb:613:in `block in <class:Engine>'
  /Users/CrazyCrazyDoctor/.rvm/gems/ruby-2.4.1/gems/railties-5.2.2/lib/rails/initializable.rb:32:in `instance_exec'
  /Users/CrazyCrazyDoctor/.rvm/gems/ruby-2.4.1/gems/railties-5.2.2/lib/rails/initializable.rb:32:in `run'
  /Users/CrazyCrazyDoctor/.rvm/gems/ruby-2.4.1/gems/railties-5.2.2/lib/rails/initializable.rb:61:in `block in run_initializers'
  /Users/CrazyCrazyDoctor/.rvm/rubies/ruby-2.4.1/lib/ruby/2.4.0/tsort.rb:228:in `block in tsort_each'
  /Users/CrazyCrazyDoctor/.rvm/rubies/ruby-2.4.1/lib/ruby/2.4.0/tsort.rb:350:in `block (2 levels) in each_strongly_connected_component'
  /Users/CrazyCrazyDoctor/.rvm/rubies/ruby-2.4.1/lib/ruby/2.4.0/tsort.rb:422:in `block (2 levels) in each_strongly_connected_component_from'
  /Users/CrazyCrazyDoctor/.rvm/rubies/ruby-2.4.1/lib/ruby/2.4.0/tsort.rb:431:in `each_strongly_connected_component_from'
  /Users/CrazyCrazyDoctor/.rvm/rubies/ruby-2.4.1/lib/ruby/2.4.0/tsort.rb:421:in `block in each_strongly_connected_component_from'
  /Users/CrazyCrazyDoctor/.rvm/gems/ruby-2.4.1/gems/railties-5.2.2/lib/rails/initializable.rb:50:in `each'
  /Users/CrazyCrazyDoctor/.rvm/gems/ruby-2.4.1/gems/railties-5.2.2/lib/rails/initializable.rb:50:in `tsort_each_child'
  /Users/CrazyCrazyDoctor/.rvm/rubies/ruby-2.4.1/lib/ruby/2.4.0/tsort.rb:415:in `call'
  /Users/CrazyCrazyDoctor/.rvm/rubies/ruby-2.4.1/lib/ruby/2.4.0/tsort.rb:415:in `each_strongly_connected_component_from'
  /Users/CrazyCrazyDoctor/.rvm/rubies/ruby-2.4.1/lib/ruby/2.4.0/tsort.rb:349:in `block in each_strongly_connected_component'
  /Users/CrazyCrazyDoctor/.rvm/rubies/ruby-2.4.1/lib/ruby/2.4.0/tsort.rb:347:in `each'
  /Users/CrazyCrazyDoctor/.rvm/rubies/ruby-2.4.1/lib/ruby/2.4.0/tsort.rb:347:in `call'
  /Users/CrazyCrazyDoctor/.rvm/rubies/ruby-2.4.1/lib/ruby/2.4.0/tsort.rb:347:in `each_strongly_connected_component'
  /Users/CrazyCrazyDoctor/.rvm/rubies/ruby-2.4.1/lib/ruby/2.4.0/tsort.rb:226:in `tsort_each'
  /Users/CrazyCrazyDoctor/.rvm/rubies/ruby-2.4.1/lib/ruby/2.4.0/tsort.rb:205:in `tsort_each'
  /Users/CrazyCrazyDoctor/.rvm/gems/ruby-2.4.1/gems/railties-5.2.2/lib/rails/initializable.rb:60:in `run_initializers'
  /Users/CrazyCrazyDoctor/.rvm/gems/ruby-2.4.1/gems/railties-5.2.2/lib/rails/application.rb:361:in `initialize!'
  /Users/CrazyCrazyDoctor/workspace/time_stack/config/environment.rb:5:in `<top (required)>'
  /Users/CrazyCrazyDoctor/.rvm/gems/ruby-2.4.1/gems/activesupport-5.2.2/lib/active_support/dependencies.rb:291:in `require'
  /Users/CrazyCrazyDoctor/.rvm/gems/ruby-2.4.1/gems/activesupport-5.2.2/lib/active_support/dependencies.rb:291:in `block in require'
  /Users/CrazyCrazyDoctor/.rvm/gems/ruby-2.4.1/gems/activesupport-5.2.2/lib/active_support/dependencies.rb:257:in `load_dependency'
  /Users/CrazyCrazyDoctor/.rvm/gems/ruby-2.4.1/gems/activesupport-5.2.2/lib/active_support/dependencies.rb:291:in `require'
  /Users/CrazyCrazyDoctor/.rvm/gems/ruby-2.4.1/gems/railties-5.2.2/lib/rails/application.rb:337:in `require_environment!'
  /Users/CrazyCrazyDoctor/.rvm/gems/ruby-2.4.1/gems/railties-5.2.2/lib/rails/command/actions.rb:18:in `require_application_and_environment!'
  /Users/CrazyCrazyDoctor/.rvm/gems/ruby-2.4.1/gems/railties-5.2.2/lib/rails/commands/runner/runner_command.rb:29:in `perform'
  /Users/CrazyCrazyDoctor/.rvm/gems/ruby-2.4.1/gems/thor-0.20.3/lib/thor/command.rb:27:in `run'
  /Users/CrazyCrazyDoctor/.rvm/gems/ruby-2.4.1/gems/thor-0.20.3/lib/thor/invocation.rb:126:in `invoke_command'
  /Users/CrazyCrazyDoctor/.rvm/gems/ruby-2.4.1/gems/thor-0.20.3/lib/thor.rb:387:in `dispatch'
  /Users/CrazyCrazyDoctor/.rvm/gems/ruby-2.4.1/gems/railties-5.2.2/lib/rails/command/base.rb:65:in `perform'
  /Users/CrazyCrazyDoctor/.rvm/gems/ruby-2.4.1/gems/railties-5.2.2/lib/rails/command.rb:46:in `invoke'
  /Users/CrazyCrazyDoctor/.rvm/gems/ruby-2.4.1/gems/railties-5.2.2/lib/rails/commands.rb:18:in `<top (required)>'
  bin/rails:4:in `require'
  bin/rails:4:in `<top (required)>'
bundler: failed to load command: bin/rails (bin/rails)
NoMethodError: undefined method `halt_callback_chains_on_return_false=' for ActiveSupport:Module
  /Users/CrazyCrazyDoctor/workspace/time_stack/config/initializers/new_framework_defaults.rb:23:in `<top (required)>'
  /Users/CrazyCrazyDoctor/.rvm/gems/ruby-2.4.1/gems/activesupport-5.2.2/lib/active_support/dependencies.rb:285:in `load'
  /Users/CrazyCrazyDoctor/.rvm/gems/ruby-2.4.1/gems/activesupport-5.2.2/lib/active_support/dependencies.rb:285:in `block in load'
  /Users/CrazyCrazyDoctor/.rvm/gems/ruby-2.4.1/gems/activesupport-5.2.2/lib/active_support/dependencies.rb:257:in `load_dependency'
  /Users/CrazyCrazyDoctor/.rvm/gems/ruby-2.4.1/gems/activesupport-5.2.2/lib/active_support/dependencies.rb:285:in `load'
  /Users/CrazyCrazyDoctor/.rvm/gems/ruby-2.4.1/gems/railties-5.2.2/lib/rails/engine.rb:657:in `block in load_config_initializer'
  /Users/CrazyCrazyDoctor/.rvm/gems/ruby-2.4.1/gems/activesupport-5.2.2/lib/active_support/notifications.rb:170:in `instrument'
  /Users/CrazyCrazyDoctor/.rvm/gems/ruby-2.4.1/gems/railties-5.2.2/lib/rails/engine.rb:656:in `load_config_initializer'
  /Users/CrazyCrazyDoctor/.rvm/gems/ruby-2.4.1/gems/railties-5.2.2/lib/rails/engine.rb:614:in `block (2 levels) in <class:Engine>'
  /Users/CrazyCrazyDoctor/.rvm/gems/ruby-2.4.1/gems/railties-5.2.2/lib/rails/engine.rb:613:in `each'
  /Users/CrazyCrazyDoctor/.rvm/gems/ruby-2.4.1/gems/railties-5.2.2/lib/rails/engine.rb:613:in `block in <class:Engine>'
  /Users/CrazyCrazyDoctor/.rvm/gems/ruby-2.4.1/gems/railties-5.2.2/lib/rails/initializable.rb:32:in `instance_exec'
  /Users/CrazyCrazyDoctor/.rvm/gems/ruby-2.4.1/gems/railties-5.2.2/lib/rails/initializable.rb:32:in `run'
  /Users/CrazyCrazyDoctor/.rvm/gems/ruby-2.4.1/gems/railties-5.2.2/lib/rails/initializable.rb:61:in `block in run_initializers'
  /Users/CrazyCrazyDoctor/.rvm/rubies/ruby-2.4.1/lib/ruby/2.4.0/tsort.rb:228:in `block in tsort_each'
  /Users/CrazyCrazyDoctor/.rvm/rubies/ruby-2.4.1/lib/ruby/2.4.0/tsort.rb:350:in `block (2 levels) in each_strongly_connected_component'
  /Users/CrazyCrazyDoctor/.rvm/rubies/ruby-2.4.1/lib/ruby/2.4.0/tsort.rb:422:in `block (2 levels) in each_strongly_connected_component_from'
  /Users/CrazyCrazyDoctor/.rvm/rubies/ruby-2.4.1/lib/ruby/2.4.0/tsort.rb:431:in `each_strongly_connected_component_from'
  /Users/CrazyCrazyDoctor/.rvm/rubies/ruby-2.4.1/lib/ruby/2.4.0/tsort.rb:421:in `block in each_strongly_connected_component_from'
  /Users/CrazyCrazyDoctor/.rvm/gems/ruby-2.4.1/gems/railties-5.2.2/lib/rails/initializable.rb:50:in `each'
  /Users/CrazyCrazyDoctor/.rvm/gems/ruby-2.4.1/gems/railties-5.2.2/lib/rails/initializable.rb:50:in `tsort_each_child'
  /Users/CrazyCrazyDoctor/.rvm/rubies/ruby-2.4.1/lib/ruby/2.4.0/tsort.rb:415:in `call'
  /Users/CrazyCrazyDoctor/.rvm/rubies/ruby-2.4.1/lib/ruby/2.4.0/tsort.rb:415:in `each_strongly_connected_component_from'
  /Users/CrazyCrazyDoctor/.rvm/rubies/ruby-2.4.1/lib/ruby/2.4.0/tsort.rb:349:in `block in each_strongly_connected_component'
  /Users/CrazyCrazyDoctor/.rvm/rubies/ruby-2.4.1/lib/ruby/2.4.0/tsort.rb:347:in `each'
  /Users/CrazyCrazyDoctor/.rvm/rubies/ruby-2.4.1/lib/ruby/2.4.0/tsort.rb:347:in `call'
  /Users/CrazyCrazyDoctor/.rvm/rubies/ruby-2.4.1/lib/ruby/2.4.0/tsort.rb:347:in `each_strongly_connected_component'
  /Users/CrazyCrazyDoctor/.rvm/rubies/ruby-2.4.1/lib/ruby/2.4.0/tsort.rb:226:in `tsort_each'
  /Users/CrazyCrazyDoctor/.rvm/rubies/ruby-2.4.1/lib/ruby/2.4.0/tsort.rb:205:in `tsort_each'
  /Users/CrazyCrazyDoctor/.rvm/gems/ruby-2.4.1/gems/railties-5.2.2/lib/rails/initializable.rb:60:in `run_initializers'
  /Users/CrazyCrazyDoctor/.rvm/gems/ruby-2.4.1/gems/railties-5.2.2/lib/rails/application.rb:361:in `initialize!'
  /Users/CrazyCrazyDoctor/workspace/time_stack/config/environment.rb:5:in `<top (required)>'
  /Users/CrazyCrazyDoctor/.rvm/gems/ruby-2.4.1/gems/activesupport-5.2.2/lib/active_support/dependencies.rb:291:in `require'
  /Users/CrazyCrazyDoctor/.rvm/gems/ruby-2.4.1/gems/activesupport-5.2.2/lib/active_support/dependencies.rb:291:in `block in require'
  /Users/CrazyCrazyDoctor/.rvm/gems/ruby-2.4.1/gems/activesupport-5.2.2/lib/active_support/dependencies.rb:257:in `load_dependency'
  /Users/CrazyCrazyDoctor/.rvm/gems/ruby-2.4.1/gems/activesupport-5.2.2/lib/active_support/dependencies.rb:291:in `require'
  /Users/CrazyCrazyDoctor/.rvm/gems/ruby-2.4.1/gems/railties-5.2.2/lib/rails/application.rb:337:in `require_environment!'
  /Users/CrazyCrazyDoctor/.rvm/gems/ruby-2.4.1/gems/railties-5.2.2/lib/rails/command/actions.rb:18:in `require_application_and_environment!'
  /Users/CrazyCrazyDoctor/.rvm/gems/ruby-2.4.1/gems/railties-5.2.2/lib/rails/commands/runner/runner_command.rb:29:in `perform'
  /Users/CrazyCrazyDoctor/.rvm/gems/ruby-2.4.1/gems/thor-0.20.3/lib/thor/command.rb:27:in `run'
  /Users/CrazyCrazyDoctor/.rvm/gems/ruby-2.4.1/gems/thor-0.20.3/lib/thor/invocation.rb:126:in `invoke_command'
  /Users/CrazyCrazyDoctor/.rvm/gems/ruby-2.4.1/gems/thor-0.20.3/lib/thor.rb:387:in `dispatch'
  /Users/CrazyCrazyDoctor/.rvm/gems/ruby-2.4.1/gems/railties-5.2.2/lib/rails/command/base.rb:65:in `perform'
  /Users/CrazyCrazyDoctor/.rvm/gems/ruby-2.4.1/gems/railties-5.2.2/lib/rails/command.rb:46:in `invoke'
  /Users/CrazyCrazyDoctor/.rvm/gems/ruby-2.4.1/gems/railties-5.2.2/lib/rails/commands.rb:18:in `<top (required)>'
  bin/rails:4:in `require'
  bin/rails:4:in `<top (required)>'
